[debug] [2021-06-04T14:05:23.687Z] ----------------------------------------------------------------------
[debug] [2021-06-04T14:05:23.689Z] Command:       C:\Program Files\nodejs\node.exe C:\Users\Chintu\AppData\Roaming\npm\node_modules\firebase-tools\lib\bin\firebase.js init
[debug] [2021-06-04T14:05:23.689Z] CLI Version:   9.12.1
[debug] [2021-06-04T14:05:23.690Z] Platform:      win32
[debug] [2021-06-04T14:05:23.690Z] Node Version:  v13.12.0
[debug] [2021-06-04T14:05:23.691Z] Time:          Fri Jun 04 2021 19:35:23 GMT+0530 (India Standard Time)
[debug] [2021-06-04T14:05:23.691Z] ----------------------------------------------------------------------
[debug] 
[debug] [2021-06-04T14:05:23.698Z] > command requires scopes: ["email","openid","https://www.googleapis.com/auth/cloudplatformprojects.readonly","https://www.googleapis.com/auth/firebase","https://www.googleapis.com/auth/cloud-platform"]
[debug] [2021-06-04T14:05:23.698Z] > authorizing via signed-in user (chinturapaka452@gmail.com)
[info] 
     ######## #### ########  ######## ########     ###     ######  ########
     ##        ##  ##     ## ##       ##     ##  ##   ##  ##       ##
     ######    ##  ########  ######   ########  #########  ######  ######
     ##        ##  ##    ##  ##       ##     ## ##     ##       ## ##
     ##       #### ##     ## ######## ########  ##     ##  ######  ########

You're about to initialize a Firebase project in this directory:

  C:\Users\Chintu\Desktop\Test\web-designing\React Projects\tinder-clone\tinder-client

[info] 
=== Project Setup
[info] 
[info] First, let's associate this project directory with a Firebase project.
[info] You can create multiple project aliases by running firebase use --add, 
[info] but for now we'll just set up a default project.
[info] 
[debug] [2021-06-04T14:08:08.836Z] >>> [apiv2][query] GET https://firebase.googleapis.com/v1beta1/projects pageSize=100
[debug] [2021-06-04T14:08:09.935Z] <<< [apiv2][status] GET https://firebase.googleapis.com/v1beta1/projects 200
[debug] [2021-06-04T14:08:09.935Z] <<< [apiv2][body] GET https://firebase.googleapis.com/v1beta1/projects [omitted]
[info] i  Using project tinder-clone-452 (tinder-clone-452) 
[info] 
=== Hosting Setup
[info] 
[info] Your public directory is the folder (relative to your project directory) that
[info] will contain Hosting assets to be uploaded with firebase deploy. If you
[info] have a build process for your assets, use your build's output directory.
[info] 
[debug] [2021-06-04T14:09:48.940Z] >>> [apiv2][query] GET https://www.gstatic.com/firebasejs/releases.json [none]
[debug] [2021-06-04T14:09:49.241Z] <<< [apiv2][status] GET https://www.gstatic.com/firebasejs/releases.json 200
[debug] [2021-06-04T14:09:49.241Z] <<< [apiv2][body] GET https://www.gstatic.com/firebasejs/releases.json {"current":{"version":"8.6.4","browserURL":"https://www.gstatic.com/firebasejs/8.6.4/firebase.js","packageURL":"https://www.gstatic.com/firebasejs/8.6.4/firebase.tgz"},"live":{"version":"8.6","browserURL":"https://www.gstatic.com/firebasejs/live/8.6/firebase.js","packageURL":"https://www.gstatic.com/firebasejs/live/8.6/firebase.tgz"},"components":{"analytics":"https://www.gstatic.com/firebasejs/8.6.4/firebase-analytics.js","app":"https://www.gstatic.com/firebasejs/8.6.4/firebase-app.js","app-check":"https://www.gstatic.com/firebasejs/8.6.4/firebase-app-check.js","auth":"https://www.gstatic.com/firebasejs/8.6.4/firebase-auth.js","database":"https://www.gstatic.com/firebasejs/8.6.4/firebase-database.js","firestore":"https://www.gstatic.com/firebasejs/8.6.4/firebase-firestore.js","functions":"https://www.gstatic.com/firebasejs/8.6.4/firebase-functions.js","installations":"https://www.gstatic.com/firebasejs/8.6.4/firebase-installations.js","messaging":"https://www.gstatic.com/firebasejs/8.6.4/firebase-messaging.js","storage":"https://www.gstatic.com/firebasejs/8.6.4/firebase-storage.js","performance":"https://www.gstatic.com/firebasejs/8.6.4/firebase-performance.js","remote-config":"https://www.gstatic.com/firebasejs/8.6.4/firebase-remote-config.js","firestore.memory":"https://www.gstatic.com/firebasejs/8.6.4/firebase-firestore.memory.js"}}
[info] +  Wrote build/index.html 
[info] 
[info] i  Detected a .git folder at C:\Users\Chintu\Desktop\Test\web-designing\React Projects\tinder-clone\tinder-client 
[info] i  Authorizing with GitHub to upload your service account to a GitHub repository's secrets store. 
[info] 
[info] Visit this URL on this device to log in:
[info] https://github.com/login/oauth/authorize?client_id=89cf50f02ac6aaed3484&state=914305180&redirect_uri=http%3A%2F%2Flocalhost%3A9005&scope=read%3Auser%20repo%20public_repo
[info] 
[info] Waiting for authentication...
[debug] [2021-06-04T14:10:13.617Z] >>> HTTP REQUEST POST https://github.com/login/oauth/access_token  
 {"client_id":"89cf50f02ac6aaed3484","client_secret":"3330d14abc895d9a74d5f17cd7a00711fa2c5bf0","code":"31e91d0965bcc22b6cbc","redirect_uri":"http://localhost:9005","state":"914305180"}
[debug] [2021-06-04T14:10:14.199Z] <<< HTTP RESPONSE 200 {"server":"GitHub.com","date":"Fri, 04 Jun 2021 14:10:14 GMT","content-type":"application/json; charset=utf-8","transfer-encoding":"chunked","vary":"X-PJAX, Accept-Encoding, Accept, X-Requested-With","permissions-policy":"interest-cohort=()","etag":"W/\"a767cba9efcf647b3a5cd4ac10d7787a\"","cache-control":"max-age=0, private, must-revalidate","strict-transport-security":"max-age=31536000; includeSubdomains; preload","x-frame-options":"deny","x-content-type-options":"nosniff","x-xss-protection":"0","referrer-policy":"origin-when-cross-origin, strict-origin-when-cross-origin","expect-ct":"max-age=2592000, report-uri=\"https://api.github.com/_private/browser/errors\"","content-security-policy":"default-src 'none'; base-uri 'self'; block-all-mixed-content; connect-src 'self' uploads.github.com www.githubstatus.com collector.githubapp.com api.github.com github-cloud.s3.amazonaws.com github-production-repository-file-5c1aeb.s3.amazonaws.com github-production-upload-manifest-file-7fdce7.s3.amazonaws.com github-production-user-asset-6210df.s3.amazonaws.com html-translator.herokuapp.com cdn.optimizely.com logx.optimizely.com/v1/events wss://alive.github.com; font-src github.githubassets.com; form-action 'self' github.com gist.github.com; frame-ancestors 'none'; frame-src render.githubusercontent.com; img-src 'self' data: github.githubassets.com identicons.github.com collector.githubapp.com github-cloud.s3.amazonaws.com secured-user-images.githubusercontent.com/ *.githubusercontent.com; manifest-src 'self'; media-src 'none'; script-src github.githubassets.com; style-src 'unsafe-inline' github.githubassets.com; worker-src github.com/socket-worker-3f088aa2.js gist.github.com/socket-worker-3f088aa2.js","x-github-request-id":"F8C5:46BD:B893F8:C6531D:60BA3445"}
[debug] [2021-06-04T14:10:14.201Z] >>> [apiv2][query] GET https://api.github.com/user [none]
[debug] [2021-06-04T14:10:15.051Z] <<< [apiv2][status] GET https://api.github.com/user 200
[debug] [2021-06-04T14:10:15.051Z] <<< [apiv2][body] GET https://api.github.com/user {"login":"ChintuRapaka","id":60530897,"node_id":"MDQ6VXNlcjYwNTMwODk3","avatar_url":"https://avatars.githubusercontent.com/u/60530897?v=4","gravatar_id":"","url":"https://api.github.com/users/ChintuRapaka","html_url":"https://github.com/ChintuRapaka","followers_url":"https://api.github.com/users/ChintuRapaka/followers","following_url":"https://api.github.com/users/ChintuRapaka/following{/other_user}","gists_url":"https://api.github.com/users/ChintuRapaka/gists{/gist_id}","starred_url":"https://api.github.com/users/ChintuRapaka/starred{/owner}{/repo}","subscriptions_url":"https://api.github.com/users/ChintuRapaka/subscriptions","organizations_url":"https://api.github.com/users/ChintuRapaka/orgs","repos_url":"https://api.github.com/users/ChintuRapaka/repos","events_url":"https://api.github.com/users/ChintuRapaka/events{/privacy}","received_events_url":"https://api.github.com/users/ChintuRapaka/received_events","type":"User","site_admin":false,"name":"Umesh Chandra Rapaka","company":null,"blog":"","location":null,"email":null,"hireable":null,"bio":null,"twitter_username":"RapakaChintu","public_repos":12,"public_gists":0,"followers":0,"following":0,"created_at":"2020-02-01T02:16:40Z","updated_at":"2021-06-04T14:10:13Z","private_gists":0,"total_private_repos":0,"owned_private_repos":0,"disk_usage":21728,"collaborators":0,"two_factor_authentication":false,"plan":{"name":"free","space":976562499,"collaborators":0,"private_repos":10000}}
[info] 
[info] +  Success! Logged into GitHub as ChintuRapaka 
[info] 
[debug] [2021-06-04T14:10:37.580Z] >>> [apiv2][query] GET https://api.github.com/repos/ChintuRapaka/tinder-clone-452/actions/secrets/public-key type=owner
[debug] [2021-06-04T14:10:38.198Z] <<< [apiv2][status] GET https://api.github.com/repos/ChintuRapaka/tinder-clone-452/actions/secrets/public-key 404
[debug] [2021-06-04T14:10:38.198Z] <<< [apiv2][body] GET https://api.github.com/repos/ChintuRapaka/tinder-clone-452/actions/secrets/public-key {"message":"Not Found","documentation_url":"https://docs.github.com/rest/reference/actions#get-a-repository-public-key"}
